This file contains any messages produced by compilers while
running configure, to aid debugging if configure makes a mistake.

gcc -E
gcc -E
gcc -o conftest -g -O conftest.c -lm
gcc -o conftest -g -O conftest.c -lm
gcc -o conftest -g -O conftest.c -lm
gcc -o conftest -g -O conftest.c -lmalloc -lm
/usr/bin/ld: cannot find -lmalloc
collect2: error: ld returned 1 exit status
gcc -o conftest -g -O conftest.c -lcurses -lm
gcc -o conftest -g -O conftest.c -ltermcap -lm
gcc -c -g -O conftest.c
gcc -o conftest -g -O conftest.c -ldir -lm
configure: In function 't':
configure:1814:1: warning: implicit declaration of function 'opendir' [-Wimplicit-function-declaration]
 opendir()
 ^~~~~~~
/usr/bin/ld: cannot find -ldir
collect2: error: ld returned 1 exit status
gcc -o conftest -g -O conftest.c -lm
configure:1883:1: warning: return type defaults to 'int' [-Wimplicit-int]
 main(){return(0);}
 ^~~~
gcc -E
gcc -E
gcc -E
gcc -o conftest -g -O conftest.c -lm
configure: In function 'main':
configure:1971:67: warning: implicit declaration of function 'exit' [-Wimplicit-function-declaration]
 if (XOR (islower (i), ISLOWER (i)) || toupper (i) != TOUPPER (i)) exit(2);
                                                                   ^~~~
configure:1971:67: warning: incompatible implicit declaration of built-in function 'exit'
configure:1971:67: note: include '<stdlib.h>' or provide a declaration of 'exit'
configure:1967:1:
+#include <stdlib.h>
 #define ISLOWER(c) ('a' <= (c) && (c) <= 'z')
configure:1971:67:
 if (XOR (islower (i), ISLOWER (i)) || toupper (i) != TOUPPER (i)) exit(2);
                                                                   ^~~~
configure:1972:1: warning: incompatible implicit declaration of built-in function 'exit'
 exit (0); }
 ^~~~
configure:1972:1: note: include '<stdlib.h>' or provide a declaration of 'exit'
gcc -c -g -O conftest.c
gcc -E
gcc -E
gcc -E
gcc -E
gcc -E
gcc -E
gcc -E
gcc -E
gcc -E
gcc -c -g -O conftest.c
gcc -E
gcc -E
gcc -E
gcc -c -g -O conftest.c
gcc -c -g -O conftest.c
gcc -E
gcc -E
gcc -o conftest -g -O conftest.c -lm
gcc -o conftest -g -O conftest.c -lm
gcc -o conftest -g -O conftest.c -lm
configure:2449:18: warning: conflicting types for built-in function 'malloc' [-Wbuiltin-declaration-mismatch]
 char *valloc(), *malloc();
                  ^~~~~~
configure: In function 'main':
configure:2456:11: warning: implicit declaration of function 'getpagesize' [-Wimplicit-function-declaration]
   int i = getpagesize(), j;
           ^~~~~~~~~~~
configure:2464:19: warning: implicit declaration of function 'rand' [-Wimplicit-function-declaration]
     *(buf1 + j) = rand();
                   ^~~~
configure:2466:3: warning: implicit declaration of function 'write' [-Wimplicit-function-declaration]
   write(fd, buf1, i2);
   ^~~~~
configure:2470:7: warning: implicit declaration of function 'exit' [-Wimplicit-function-declaration]
       exit(1);
       ^~~~
configure:2470:7: warning: incompatible implicit declaration of built-in function 'exit'
configure:2470:7: note: include '<stdlib.h>' or provide a declaration of 'exit'
configure:2421:1:
+#include <stdlib.h>
 
configure:2470:7:
       exit(1);
       ^~~~
configure:2471:3: warning: implicit declaration of function 'lseek' [-Wimplicit-function-declaration]
   lseek(fd, (long)i, 0);
   ^~~~~
configure:2472:3: warning: implicit declaration of function 'read'; did you mean 'creat'? [-Wimplicit-function-declaration]
   read(fd, buf2, i); /* read into mapped memory -- file should not change */
   ^~~~
   creat
configure:2478:7: warning: incompatible implicit declaration of built-in function 'exit'
       exit(1);
       ^~~~
configure:2478:7: note: include '<stdlib.h>' or provide a declaration of 'exit'
configure:2479:3: warning: incompatible implicit declaration of built-in function 'exit'
   exit(0);
   ^~~~
configure:2479:3: note: include '<stdlib.h>' or provide a declaration of 'exit'
gcc -c -g -O conftest.c
gcc -o conftest -g -O conftest.c -lm
configure:2552:1: warning: return type defaults to 'int' [-Wimplicit-int]
 main ()
 ^~~~
configure: In function 'main':
configure:2554:3: warning: implicit declaration of function 'exit' [-Wimplicit-function-declaration]
   exit (strcoll ("abc", "def") >= 0 ||
   ^~~~
configure:2554:3: warning: incompatible implicit declaration of built-in function 'exit'
configure:2554:3: note: include '<stdlib.h>' or provide a declaration of 'exit'
configure:2552:1:
+#include <stdlib.h>
 main ()
configure:2554:3:
   exit (strcoll ("abc", "def") >= 0 ||
   ^~~~
gcc -E
configure:2585:10: fatal error: vfork.h: No such file or directory
 #include <vfork.h>
          ^~~~~~~~~
compilation terminated.
gcc -o conftest -g -O conftest.c -lm
configure:2682:1: warning: return type defaults to 'int' [-Wimplicit-int]
 sparc_address_test (arg) int arg;
 ^~~~~~~~~~~~~~~~~~
configure:2697:1: warning: return type defaults to 'int' [-Wimplicit-int]
 main() {
 ^~~~
configure: In function 'main':
configure:2735:12: warning: implicit declaration of function 'wait'; did you mean 'main'? [-Wimplicit-function-declaration]
     while (wait(&status) != child)
            ^~~~
            main
configure:2737:5: warning: implicit declaration of function 'exit' [-Wimplicit-function-declaration]
     exit(
     ^~~~
configure:2737:5: warning: incompatible implicit declaration of built-in function 'exit'
configure:2737:5: note: include '<stdlib.h>' or provide a declaration of 'exit'
configure:2668:1:
+#include <stdlib.h>
 #endif
configure:2737:5:
     exit(
     ^~~~
gcc -o conftest -g -O conftest.c -lm
configure:2782:6: warning: conflicting types for built-in function 'vprintf' [-Wbuiltin-declaration-mismatch]
 char vprintf();
      ^~~~~~~
gcc -o conftest -g -O conftest.c -lelf -lm
configure: In function 't':
configure:2886:1: warning: implicit declaration of function 'elf_begin' [-Wimplicit-function-declaration]
 elf_begin()
 ^~~~~~~~~
/usr/bin/ld: cannot find -lelf
collect2: error: ld returned 1 exit status
gcc -o conftest -g -O conftest.c -lkvm -lm
configure: In function 't':
configure:2920:1: warning: implicit declaration of function 'kvm_open' [-Wimplicit-function-declaration]
 kvm_open()
 ^~~~~~~~
/usr/bin/ld: cannot find -lkvm
collect2: error: ld returned 1 exit status
gcc -o conftest -g -O conftest.c -lutil -lm
configure: In function 't':
configure:2955:1: warning: implicit declaration of function 'getloadavg' [-Wimplicit-function-declaration]
 getloadavg()
 ^~~~~~~~~~
gcc -o conftest -g -O conftest.c -lutil -lm
gcc -o conftest -g -O conftest.c -lutil -lm
configure:3407:6: warning: conflicting types for built-in function 'bzero' [-Wbuiltin-declaration-mismatch]
 char $ac_func();
      ^~~~~
gcc -o conftest -g -O conftest.c -lutil -lm
gcc -o conftest -g -O conftest.c -lutil -lm
/tmp/ccy3Xlr8.o: In function `t':
/home/wfisher/Projects/gopher/configure:3418: warning: the `getwd' function is dangerous and should not be used.
gcc -o conftest -g -O conftest.c -lutil -lm
gcc -o conftest -g -O conftest.c -lutil -lm
gcc -o conftest -g -O conftest.c -lutil -lm
gcc -o conftest -g -O conftest.c -lutil -lm
gcc -o conftest -g -O conftest.c -lutil -lm
gcc -o conftest -g -O conftest.c -lutil -lm
gcc -o conftest -g -O conftest.c -lutil -lm
gcc -o conftest -g -O conftest.c -lutil -lm
gcc -o conftest -g -O conftest.c -lutil -lm
gcc -o conftest -g -O conftest.c -lutil -lm
configure:3407:6: warning: conflicting types for built-in function 'strcasecmp' [-Wbuiltin-declaration-mismatch]
 char $ac_func();
      ^~~~~~~~~~
gcc -o conftest -g -O conftest.c -lutil -lm
configure:3407:6: warning: conflicting types for built-in function 'strcspn' [-Wbuiltin-declaration-mismatch]
 char $ac_func();
      ^~~~~~~
gcc -o conftest -g -O conftest.c -lutil -lm
configure:3407:6: warning: conflicting types for built-in function 'strdup' [-Wbuiltin-declaration-mismatch]
 char $ac_func();
      ^~~~~~
gcc -o conftest -g -O conftest.c -lutil -lm
gcc -o conftest -g -O conftest.c -lutil -lm
configure:3407:6: warning: conflicting types for built-in function 'strftime' [-Wbuiltin-declaration-mismatch]
 char $ac_func();
      ^~~~~~~~
gcc -o conftest -g -O conftest.c -lutil -lm
configure:3407:6: warning: conflicting types for built-in function 'strspn' [-Wbuiltin-declaration-mismatch]
 char $ac_func();
      ^~~~~~
gcc -o conftest -g -O conftest.c -lutil -lm
configure:3407:6: warning: conflicting types for built-in function 'strstr' [-Wbuiltin-declaration-mismatch]
 char $ac_func();
      ^~~~~~
gcc -o conftest -g -O conftest.c -lutil -lm
gcc -o conftest -g -O conftest.c -lutil -lm
gcc -o conftest -g -O conftest.c -lutil -lm
/tmp/ccYeTcrr.o: In function `t':
/home/wfisher/Projects/gopher/configure:3418: warning: the use of `tempnam' is dangerous, better use `mkstemp'
gcc -o conftest -g -O conftest.c -lutil -lm
gcc -o conftest -g -O conftest.c -lutil -lm
gcc -o conftest -g -O conftest.c -lutil -lm
gcc -o conftest -g -O conftest.c -lutil -lm
configure:3448:1: error: expected identifier or '(' before string constant
 "unistd.h"
 ^~~~~~~~~~
configure: In function 't':
configure:3451:1: warning: implicit declaration of function 'getdtablesize' [-Wimplicit-function-declaration]
 getdtablesize();
 ^~~~~~~~~~~~~
